<?xml version="1.0" encoding="UTF-8"?>
<!-- Generated by org.testng.reporters.JUnitReportReporter -->
<testsuite skipped="0" hostname="DESKTOP-482OVNE" name="com.testcases.TestCases" tests="1" failures="0" timestamp="03 Nov 2018 17:22:27 GMT" time="5.080" errors="0">
  <testcase name="logintest" time="5.080" classname="com.testcases.TestCases"/>
</testsuite> <!-- com.testcases.TestCases -->
